0 info it worked if it ends with ok
1 verbose cli [ '/Users/max/.nvm/versions/node/v6.9.1/bin/node',
1 verbose cli   '/Users/max/.nvm/versions/node/v6.9.1/bin/npm',
1 verbose cli   'publish' ]
2 info using npm@3.10.8
3 info using node@v6.9.1
4 verbose publish [ '.' ]
5 silly cache add args [ '.', null ]
6 verbose cache add spec .
7 silly cache add parsed spec Result {
7 silly cache add   raw: '.',
7 silly cache add   scope: null,
7 silly cache add   escapedName: null,
7 silly cache add   name: null,
7 silly cache add   rawSpec: '.',
7 silly cache add   spec: '/Users/max/Projects/templatize',
7 silly cache add   type: 'directory' }
8 verbose addLocalDirectory /Users/max/.npm/templatize-string/1.0.3/package.tgz not in flight; packing
9 verbose correctMkdir /Users/max/.npm correctMkdir not in flight; initializing
10 info lifecycle templatize-string@1.0.3~prepublish: templatize-string@1.0.3
11 silly lifecycle templatize-string@1.0.3~prepublish: no script for prepublish, continuing
12 verbose tar pack [ '/Users/max/.npm/templatize-string/1.0.3/package.tgz',
12 verbose tar pack   '/Users/max/Projects/templatize' ]
13 verbose tarball /Users/max/.npm/templatize-string/1.0.3/package.tgz
14 verbose folder /Users/max/Projects/templatize
15 verbose addLocalTarball adding from inside cache /Users/max/.npm/templatize-string/1.0.3/package.tgz
16 verbose correctMkdir /Users/max/.npm correctMkdir not in flight; initializing
17 silly cache afterAdd templatize-string@1.0.3
18 verbose afterAdd /Users/max/.npm/templatize-string/1.0.3/package/package.json not in flight; writing
19 verbose correctMkdir /Users/max/.npm correctMkdir not in flight; initializing
20 verbose afterAdd /Users/max/.npm/templatize-string/1.0.3/package/package.json written
21 silly publish { name: 'templatize-string',
21 silly publish   version: '1.0.3',
21 silly publish   main: 'index.js',
21 silly publish   author: { name: 'Max Pennington' },
21 silly publish   license: 'MIT',
21 silly publish   bin: { 'templatize-string': 'bin/templatize.js' },
21 silly publish   repository:
21 silly publish    { type: 'git',
21 silly publish      url: 'git+https://github.com/Maxobat/templatize.git' },
21 silly publish   bugs: { url: 'https://github.com/Maxobat/templatize/issues' },
21 silly publish   homepage: 'https://github.com/Maxobat/templatize#readme',
21 silly publish   readme: '# Templatize\n\nConvert additive strings to ES6 template strings\n\n## Example\n```javascript\n    \'this \' + \'is \' + \'a \' + \'string. \' + testVariable + (testVariable ? \'foo\' : \'bar\')\n```\n\nCompiles to\n\n```javascript\n    `this is a string. ${testVariable}${(testVariable ? \'foo\' : \'bar\')}`\n```\n\n## Usage\n```javascript\n    const templatize = require(\'templatize-string\');\n    const foo = \'bar\';\n\n    let templatized = templatize(\'foo is equal to \' + foo).renderWrapped(); // Will return `foo is equal to ${foo}`\n\n```\n\n## Methods\n#### render\nReturns templatized string.\n```javascript\n    let templatized = templatize(\'foo is equal to \' + foo).render(); // Will return \'foo is equal to ${foo}\'\n```\n\n#### renderWrapped\nArguments:\n- wrappingChar - The character the rendered string will be wrapped in. Default is ``` ` ```.\n\nReturns templatized string wrapped with the specified character.\n```javascript\n    let templatized = templatize(\'foo is equal to \' + foo).renderWrapped(); // Will return `foo is equal to ${foo}`\n\n```\n',
21 silly publish   readmeFilename: 'readme.md',
21 silly publish   gitHead: 'de731e9615d8dd4333abf11441f5dcc42cee3666',
21 silly publish   description: 'Convert additive strings to ES6 template strings',
21 silly publish   _id: 'templatize-string@1.0.3',
21 silly publish   scripts: {},
21 silly publish   _shasum: 'd2c71e51b7acd1b92aab15836afc3c52cf7068b2',
21 silly publish   _from: '.' }
22 verbose getPublishConfig undefined
23 silly mapToRegistry name templatize-string
24 silly mapToRegistry using default registry
25 silly mapToRegistry registry https://registry.npmjs.org/
26 silly mapToRegistry data Result {
26 silly mapToRegistry   raw: 'templatize-string',
26 silly mapToRegistry   scope: null,
26 silly mapToRegistry   escapedName: 'templatize-string',
26 silly mapToRegistry   name: 'templatize-string',
26 silly mapToRegistry   rawSpec: '',
26 silly mapToRegistry   spec: 'latest',
26 silly mapToRegistry   type: 'tag' }
27 silly mapToRegistry uri https://registry.npmjs.org/templatize-string
28 verbose publish registryBase https://registry.npmjs.org/
29 silly publish uploading /Users/max/.npm/templatize-string/1.0.3/package.tgz
30 verbose request uri https://registry.npmjs.org/templatize-string
31 verbose request sending authorization for write operation
32 info attempt registry request try #1 at 9:45:48 PM
33 verbose request using bearer token for auth
34 verbose request id 760b9c67e8ac40f5
35 http request PUT https://registry.npmjs.org/templatize-string
36 http 403 https://registry.npmjs.org/templatize-string
37 verbose headers { 'content-type': 'application/json',
37 verbose headers   'cache-control': 'max-age=300',
37 verbose headers   'content-length': '95',
37 verbose headers   'accept-ranges': 'bytes',
37 verbose headers   date: 'Mon, 12 Dec 2016 05:45:50 GMT',
37 verbose headers   via: '1.1 varnish',
37 verbose headers   connection: 'keep-alive',
37 verbose headers   'x-served-by': 'cache-sea1926-SEA',
37 verbose headers   'x-cache': 'MISS',
37 verbose headers   'x-cache-hits': '0',
37 verbose headers   'x-timer': 'S1481521550.491908,VS0,VE60',
37 verbose headers   vary: 'Accept-Encoding' }
38 verbose request invalidating /Users/max/.npm/registry.npmjs.org/templatize-string on PUT
39 error publish Failed PUT 403
40 verbose stack Error: "You cannot publish over the previously published version 1.0.3." : templatize-string
40 verbose stack     at makeError (/Users/max/.nvm/versions/node/v6.9.1/lib/node_modules/npm/node_modules/npm-registry-client/lib/request.js:302:12)
40 verbose stack     at CachingRegistryClient.<anonymous> (/Users/max/.nvm/versions/node/v6.9.1/lib/node_modules/npm/node_modules/npm-registry-client/lib/request.js:290:14)
40 verbose stack     at Request._callback (/Users/max/.nvm/versions/node/v6.9.1/lib/node_modules/npm/node_modules/npm-registry-client/lib/request.js:210:14)
40 verbose stack     at Request.self.callback (/Users/max/.nvm/versions/node/v6.9.1/lib/node_modules/npm/node_modules/request/request.js:187:22)
40 verbose stack     at emitTwo (events.js:106:13)
40 verbose stack     at Request.emit (events.js:191:7)
40 verbose stack     at Request.<anonymous> (/Users/max/.nvm/versions/node/v6.9.1/lib/node_modules/npm/node_modules/request/request.js:1044:10)
40 verbose stack     at emitOne (events.js:96:13)
40 verbose stack     at Request.emit (events.js:188:7)
40 verbose stack     at IncomingMessage.<anonymous> (/Users/max/.nvm/versions/node/v6.9.1/lib/node_modules/npm/node_modules/request/request.js:965:12)
41 verbose statusCode 403
42 verbose pkgid templatize-string
43 verbose cwd /Users/max/Projects/templatize
44 error Darwin 15.6.0
45 error argv "/Users/max/.nvm/versions/node/v6.9.1/bin/node" "/Users/max/.nvm/versions/node/v6.9.1/bin/npm" "publish"
46 error node v6.9.1
47 error npm  v3.10.8
48 error code E403
49 error "You cannot publish over the previously published version 1.0.3." : templatize-string
50 error If you need help, you may report this error at:
50 error     <https://github.com/npm/npm/issues>
51 verbose exit [ 1, true ]
